<?xml version="1.0" encoding="UTF-8"?>
<!-- Generated by org.testng.reporters.JUnitXMLReporter -->
<testsuite hostname="Focus-QA-29" ignored="0" name="Test1" tests="2" failures="1" timestamp="18 Jan 2018 06:17:41 GMT" time="4.575" errors="0">
  <testcase name="LaunchApp" time="4.541" classname="Package1.LaunchApplication"/>
  <testcase name="Login" time="0.001" classname="Package1.Login">
    <failure type="java.lang.Error" message="Unresolved compilation problems: 
	driver cannot be resolved or is not a field
	driver cannot be resolved or is not a field
">
      <![CDATA[java.lang.Error: Unresolved compilation problems: driver cannot be resolved or is not a fielddriver cannot be resolved or is not a fieldat Package1.Login.Login(Login.java:14)... Removed 25 stack frames]]>
    </failure>
  </testcase> <!-- Login -->
</testsuite> <!-- Test1 -->
