<?xml version="1.0" encoding="UTF-8"?>
<testng-results skipped="0" failed="0" ignored="1" total="11" passed="10">
  <reporter-output>
  </reporter-output>
  <suite name="Default suite" duration-ms="13098888" started-at="2019-02-26T12:31:24Z" finished-at="2019-02-26T16:09:43Z">
    <groups>
    </groups>
    <test name="Test1" duration-ms="9247235" started-at="2019-02-26T12:31:24Z" finished-at="2019-02-26T15:05:31Z">
      <class name="com.teyseer.com.teyseer.tests.Transactions">
        <test-method status="PASS" signature="voucherSaveTest()[pri:3, instance:com.teyseer.com.teyseer.tests.Transactions@4b41e4dd]" name="voucherSaveTest" duration-ms="9247202" started-at="2019-02-26T12:31:24Z" finished-at="2019-02-26T15:05:31Z">
          <reporter-output>
          </reporter-output>
        </test-method> <!-- voucherSaveTest -->
      </class> <!-- com.teyseer.com.teyseer.tests.Transactions -->
    </test> <!-- Test1 -->
    <test name="Test2" duration-ms="102120" started-at="2019-02-26T15:05:32Z" finished-at="2019-02-26T15:07:14Z">
      <class name="com.teyseer.com.teyseer.tests.Masters">
        <test-method status="PASS" signature="Masters(java.lang.String)[pri:1, instance:com.teyseer.com.teyseer.tests.Masters@35d08e6c]" name="Masters" duration-ms="97" started-at="2019-02-26T15:05:32Z" finished-at="2019-02-26T15:05:32Z">
          <params>
            <param index="0">
              <value>
                <![CDATA[\\DESKTOP-C918GTA\\Keywords\\Master Others Sheet.xlsx]]>
              </value>
            </param>
          </params>
          <reporter-output>
          </reporter-output>
        </test-method> <!-- Masters -->
        <test-method status="PASS" signature="masterSave()[pri:2, instance:com.teyseer.com.teyseer.tests.Masters@35d08e6c]" name="masterSave" duration-ms="102007" started-at="2019-02-26T15:05:32Z" finished-at="2019-02-26T15:07:14Z">
          <reporter-output>
          </reporter-output>
        </test-method> <!-- masterSave -->
      </class> <!-- com.teyseer.com.teyseer.tests.Masters -->
    </test> <!-- Test2 -->
    <test name="Test3" duration-ms="2232422" started-at="2019-02-26T15:07:14Z" finished-at="2019-02-26T15:44:26Z">
      <class name="com.teyseer.com.teyseer.tests.PriceBook">
        <test-method status="PASS" signature="priceBookNames(java.lang.String)[pri:1, instance:com.teyseer.com.teyseer.tests.PriceBook@61f05988]" name="priceBookNames" duration-ms="83" started-at="2019-02-26T15:07:14Z" finished-at="2019-02-26T15:07:14Z">
          <params>
            <param index="0">
              <value>
                <![CDATA[\\DESKTOP-C918GTA\\Keywords\\Price Book Names.xlsx]]>
              </value>
            </param>
          </params>
          <reporter-output>
          </reporter-output>
        </test-method> <!-- priceBookNames -->
        <test-method status="PASS" signature="priceBook()[pri:2, instance:com.teyseer.com.teyseer.tests.PriceBook@61f05988]" name="priceBook" duration-ms="2232329" started-at="2019-02-26T15:07:14Z" finished-at="2019-02-26T15:44:26Z">
          <reporter-output>
          </reporter-output>
        </test-method> <!-- priceBook -->
      </class> <!-- com.teyseer.com.teyseer.tests.PriceBook -->
    </test> <!-- Test3 -->
    <test name="Test4" duration-ms="953710" started-at="2019-02-26T15:44:26Z" finished-at="2019-02-26T16:00:20Z">
      <class name="com.teyseer.com.teyseer.tests.UnitConversion">
        <test-method status="PASS" signature="UnitConversionNames(java.lang.String)[pri:1, instance:com.teyseer.com.teyseer.tests.UnitConversion@1b765a2c]" name="UnitConversionNames" duration-ms="120" started-at="2019-02-26T15:44:26Z" finished-at="2019-02-26T15:44:26Z">
          <params>
            <param index="0">
              <value>
                <![CDATA[\\DESKTOP-C918GTA\\Keywords\\UnitConv Names Sheet.xlsx]]>
              </value>
            </param>
          </params>
          <reporter-output>
          </reporter-output>
        </test-method> <!-- UnitConversionNames -->
        <test-method status="PASS" signature="unitConversion()[pri:2, instance:com.teyseer.com.teyseer.tests.UnitConversion@1b765a2c]" name="unitConversion" duration-ms="953583" started-at="2019-02-26T15:44:26Z" finished-at="2019-02-26T16:00:20Z">
          <reporter-output>
          </reporter-output>
        </test-method> <!-- unitConversion -->
      </class> <!-- com.teyseer.com.teyseer.tests.UnitConversion -->
    </test> <!-- Test4 -->
    <test name="Test5" duration-ms="563278" started-at="2019-02-26T16:00:20Z" finished-at="2019-02-26T16:09:43Z">
      <class name="com.teyseer.com.teyseer.tests.TestResults">
        <test-method status="PASS" signature="testResults()[pri:3, instance:com.teyseer.com.teyseer.tests.TestResults@294e5088]" name="testResults" duration-ms="2062" started-at="2019-02-26T16:09:41Z" finished-at="2019-02-26T16:09:43Z">
          <reporter-output>
          </reporter-output>
        </test-method> <!-- testResults -->
      </class> <!-- com.teyseer.com.teyseer.tests.TestResults -->
      <class name="com.teyseer.com.teyseer.tests.ExchangeRate">
        <test-method status="PASS" signature="LaunchApp()[pri:0, instance:com.teyseer.com.teyseer.tests.ExchangeRate@2c532cd8]" name="LaunchApp" is-config="true" duration-ms="2827" started-at="2019-02-26T12:31:21Z" finished-at="2019-02-26T12:31:24Z">
          <reporter-output>
          </reporter-output>
        </test-method> <!-- LaunchApp -->
        <test-method status="PASS" signature="exchRateNames(java.lang.String)[pri:1, instance:com.teyseer.com.teyseer.tests.ExchangeRate@2c532cd8]" name="exchRateNames" duration-ms="102" started-at="2019-02-26T16:00:20Z" finished-at="2019-02-26T16:00:20Z">
          <params>
            <param index="0">
              <value>
                <![CDATA[\\DESKTOP-C918GTA\\Keywords\\ExchRate Names Sheet.xlsx]]>
              </value>
            </param>
          </params>
          <reporter-output>
          </reporter-output>
        </test-method> <!-- exchRateNames -->
        <test-method status="PASS" signature="exchRate()[pri:2, instance:com.teyseer.com.teyseer.tests.ExchangeRate@2c532cd8]" name="exchRate" duration-ms="561103" started-at="2019-02-26T16:00:20Z" finished-at="2019-02-26T16:09:41Z">
          <reporter-output>
          </reporter-output>
        </test-method> <!-- exchRate -->
      </class> <!-- com.teyseer.com.teyseer.tests.ExchangeRate -->
    </test> <!-- Test5 -->
  </suite> <!-- Default suite -->
</testng-results>
