<?xml version="1.0" encoding="UTF-8"?>
<!-- Generated by org.testng.reporters.JUnitXMLReporter -->
<testsuite hostname="Focus-QA-29" ignored="1" name="Default test2" tests="3" failures="0" timestamp="12 Jul 2018 08:06:38 GMT" time="184.205" errors="0">
  <testcase name="Masters" time="0.04" classname="com.teyseer.com.teyseer.tests.Masters"/>
  <testcase name="masterSave" time="29.555" classname="com.teyseer.com.teyseer.tests.Masters"/>
  <testcase name="testResults" time="154.607" classname="com.teyseer.com.teyseer.tests.TestResults"/>
  <testcase name="@BeforeSuite LaunchApp" time="0.0" classname="com.focus.constants.LaunchApplication">
    <ignored/>
  </testcase> <!-- @BeforeSuite LaunchApp -->
</testsuite> <!-- Default test2 -->
