<?xml version="1.0" encoding="UTF-8"?>
<!-- Generated by org.testng.reporters.JUnitXMLReporter -->
<testsuite hostname="Focus-QA-29" ignored="1" name="Test5" tests="3" failures="0" timestamp="26 Feb 2019 16:09:43 GMT" time="563.278" errors="0">
  <testcase name="exchRateNames" time="0.102" classname="com.teyseer.com.teyseer.tests.ExchangeRate"/>
  <testcase name="exchRate" time="561.103" classname="com.teyseer.com.teyseer.tests.ExchangeRate"/>
  <testcase name="testResults" time="2.062" classname="com.teyseer.com.teyseer.tests.TestResults"/>
  <testcase name="@BeforeSuite LaunchApp" time="0.0" classname="com.focus.constants.LaunchApplication">
    <ignored/>
  </testcase> <!-- @BeforeSuite LaunchApp -->
</testsuite> <!-- Test5 -->
